<?xml version="1.0" encoding="UTF-8"?>
<!-- Generated by org.testng.reporters.JUnitReportReporter -->
<testsuite skipped="0" hostname="WPDEV-SUZON" name="com.bitm.SeleniumOnlineProject.Test.LoginTest" tests="2" failures="0" timestamp="2020-08-08T19:47:58 BDT" time="14.969" errors="0">
  <testcase name="checkLoginPageTitle" time="7.704" classname="com.bitm.SeleniumOnlineProject.Test.LoginTest"/>
  <system-out/>
  <testcase name="logintest" time="7.265" classname="com.bitm.SeleniumOnlineProject.Test.LoginTest"/>
  <system-out/>
</testsuite> <!-- com.bitm.SeleniumOnlineProject.Test.LoginTest -->
